  stdafx.cpp
  EventManager.cpp
f:\git\emotiongame\server\serverproject\serverproject\eventmanager.cpp(11): warning C4018: '<': signed 또는 unsigned가 일치하지 않습니다.
f:\git\emotiongame\server\serverproject\serverproject\eventmanager.cpp(19): warning C4244: '인수': 'time_t'에서 'unsigned int'(으)로 변환하면서 데이터가 손실될 수 있습니다.
f:\git\emotiongame\server\serverproject\serverproject\eventmanager.cpp(60): warning C4244: '=': 'int'에서 'float'(으)로 변환하면서 데이터가 손실될 수 있습니다.
f:\git\emotiongame\server\serverproject\serverproject\eventmanager.cpp(62): warning C4244: '=': 'int'에서 'float'(으)로 변환하면서 데이터가 손실될 수 있습니다.
f:\git\emotiongame\server\serverproject\serverproject\eventmanager.cpp(103): warning C4244: '=': 'clock_t'에서 'float'(으)로 변환하면서 데이터가 손실될 수 있습니다.
f:\git\emotiongame\server\serverproject\serverproject\eventmanager.cpp(105): warning C4244: '=': 'int'에서 'float'(으)로 변환하면서 데이터가 손실될 수 있습니다.
f:\git\emotiongame\server\serverproject\serverproject\eventmanager.cpp(106): warning C4244: '=': 'int'에서 'float'(으)로 변환하면서 데이터가 손실될 수 있습니다.
f:\git\emotiongame\server\serverproject\serverproject\eventmanager.cpp(109): warning C4244: '=': 'clock_t'에서 'float'(으)로 변환하면서 데이터가 손실될 수 있습니다.
f:\git\emotiongame\server\serverproject\serverproject\eventmanager.cpp(117): warning C4244: '=': 'clock_t'에서 'float'(으)로 변환하면서 데이터가 손실될 수 있습니다.
f:\git\emotiongame\server\serverproject\serverproject\eventmanager.cpp(122): warning C4244: '=': 'clock_t'에서 'float'(으)로 변환하면서 데이터가 손실될 수 있습니다.
  IOCPServer.cpp
f:\git\emotiongame\server\serverproject\serverproject\iocpserver.cpp(71): warning C4018: '<': signed 또는 unsigned가 일치하지 않습니다.
f:\git\emotiongame\server\serverproject\serverproject\iocpserver.cpp(147): warning C4305: 'return': 'int'에서 'bool'(으)로 잘립니다.
  MonsterManager.cpp
f:\git\emotiongame\server\serverproject\serverproject\monstermanager.cpp(75): warning C4305: '초기화 중': 'int'에서 'float'(으)로 잘립니다.
f:\git\emotiongame\server\serverproject\serverproject\monstermanager.cpp(165): warning C4244: '+=': 'double'에서 'float'(으)로 변환하면서 데이터가 손실될 수 있습니다.
  Object.cpp
f:\git\emotiongame\server\serverproject\serverproject\object.cpp(50): warning C4018: '<': signed 또는 unsigned가 일치하지 않습니다.
f:\git\emotiongame\server\serverproject\serverproject\object.cpp(73): warning C4244: 'return': 'int'에서 'float'(으)로 변환하면서 데이터가 손실될 수 있습니다.
  QuadTree.cpp
  ServerProject.cpp
  Terrain.cpp
  UserManager.cpp
  코드를 생성하고 있습니다...
  ServerProject.vcxproj -> F:\Git\EmotionGame\Server\ServerProject\Debug\ServerProject.exe
