  stdafx.cpp
  EventManager.cpp
c:\users\minicastle\desktop\client (180815_5) [최종]\server [hobbitshushu]\serverproject\eventmanager.cpp(11): warning C4018: '<': signed 또는 unsigned가 일치하지 않습니다.
c:\users\minicastle\desktop\client (180815_5) [최종]\server [hobbitshushu]\serverproject\eventmanager.cpp(19): warning C4244: '인수': 'time_t'에서 'unsigned int'(으)로 변환하면서 데이터가 손실될 수 있습니다.
c:\users\minicastle\desktop\client (180815_5) [최종]\server [hobbitshushu]\serverproject\eventmanager.cpp(60): warning C4244: '=': 'int'에서 'float'(으)로 변환하면서 데이터가 손실될 수 있습니다.
c:\users\minicastle\desktop\client (180815_5) [최종]\server [hobbitshushu]\serverproject\eventmanager.cpp(62): warning C4244: '=': 'int'에서 'float'(으)로 변환하면서 데이터가 손실될 수 있습니다.
c:\users\minicastle\desktop\client (180815_5) [최종]\server [hobbitshushu]\serverproject\eventmanager.cpp(139): warning C4244: '=': 'clock_t'에서 'float'(으)로 변환하면서 데이터가 손실될 수 있습니다.
c:\users\minicastle\desktop\client (180815_5) [최종]\server [hobbitshushu]\serverproject\eventmanager.cpp(145): warning C4244: '=': 'clock_t'에서 'float'(으)로 변환하면서 데이터가 손실될 수 있습니다.
c:\users\minicastle\desktop\client (180815_5) [최종]\server [hobbitshushu]\serverproject\eventmanager.cpp(147): warning C4244: '=': 'int'에서 'float'(으)로 변환하면서 데이터가 손실될 수 있습니다.
c:\users\minicastle\desktop\client (180815_5) [최종]\server [hobbitshushu]\serverproject\eventmanager.cpp(148): warning C4244: '=': 'int'에서 'float'(으)로 변환하면서 데이터가 손실될 수 있습니다.
c:\users\minicastle\desktop\client (180815_5) [최종]\server [hobbitshushu]\serverproject\eventmanager.cpp(159): warning C4244: '=': 'clock_t'에서 'float'(으)로 변환하면서 데이터가 손실될 수 있습니다.
c:\users\minicastle\desktop\client (180815_5) [최종]\server [hobbitshushu]\serverproject\eventmanager.cpp(165): warning C4244: '=': 'clock_t'에서 'float'(으)로 변환하면서 데이터가 손실될 수 있습니다.
c:\users\minicastle\desktop\client (180815_5) [최종]\server [hobbitshushu]\serverproject\eventmanager.cpp(167): warning C4244: '=': 'int'에서 'float'(으)로 변환하면서 데이터가 손실될 수 있습니다.
c:\users\minicastle\desktop\client (180815_5) [최종]\server [hobbitshushu]\serverproject\eventmanager.cpp(168): warning C4244: '=': 'int'에서 'float'(으)로 변환하면서 데이터가 손실될 수 있습니다.
c:\users\minicastle\desktop\client (180815_5) [최종]\server [hobbitshushu]\serverproject\eventmanager.cpp(176): warning C4244: '=': 'clock_t'에서 'float'(으)로 변환하면서 데이터가 손실될 수 있습니다.
c:\users\minicastle\desktop\client (180815_5) [최종]\server [hobbitshushu]\serverproject\eventmanager.cpp(183): warning C4244: '=': 'clock_t'에서 'float'(으)로 변환하면서 데이터가 손실될 수 있습니다.
c:\users\minicastle\desktop\client (180815_5) [최종]\server [hobbitshushu]\serverproject\eventmanager.cpp(188): warning C4244: '=': 'clock_t'에서 'float'(으)로 변환하면서 데이터가 손실될 수 있습니다.
  IOCPServer.cpp
c:\users\minicastle\desktop\client (180815_5) [최종]\server [hobbitshushu]\serverproject\iocpserver.cpp(52): warning C4018: '<': signed 또는 unsigned가 일치하지 않습니다.
c:\users\minicastle\desktop\client (180815_5) [최종]\server [hobbitshushu]\serverproject\iocpserver.cpp(128): warning C4305: 'return': 'int'에서 'bool'(으)로 잘립니다.
c:\users\minicastle\desktop\client (180815_5) [최종]\server [hobbitshushu]\serverproject\iocpserver.cpp(531): warning C4018: '<': signed 또는 unsigned가 일치하지 않습니다.
c:\users\minicastle\desktop\client (180815_5) [최종]\server [hobbitshushu]\serverproject\iocpserver.cpp(713): warning C4018: '<': signed 또는 unsigned가 일치하지 않습니다.
  MonsterManager.cpp
c:\users\minicastle\desktop\client (180815_5) [최종]\server [hobbitshushu]\serverproject\monstermanager.cpp(138): warning C4244: '초기화 중': 'double'에서 'float'(으)로 변환하면서 데이터가 손실될 수 있습니다.
c:\users\minicastle\desktop\client (180815_5) [최종]\server [hobbitshushu]\serverproject\monstermanager.cpp(154): warning C4018: '<': signed 또는 unsigned가 일치하지 않습니다.
  Object.cpp
c:\users\minicastle\desktop\client (180815_5) [최종]\server [hobbitshushu]\serverproject\object.cpp(22): warning C4018: '<': signed 또는 unsigned가 일치하지 않습니다.
c:\users\minicastle\desktop\client (180815_5) [최종]\server [hobbitshushu]\serverproject\object.cpp(123): warning C4018: '<': signed 또는 unsigned가 일치하지 않습니다.
c:\users\minicastle\desktop\client (180815_5) [최종]\server [hobbitshushu]\serverproject\object.cpp(140): warning C4244: 'return': 'int'에서 'float'(으)로 변환하면서 데이터가 손실될 수 있습니다.
  ServerProject.cpp
  UserManager.cpp
c:\users\minicastle\desktop\client (180815_5) [최종]\server [hobbitshushu]\serverproject\usermanager.cpp(10): warning C4018: '<': signed 또는 unsigned가 일치하지 않습니다.
c:\users\minicastle\desktop\client (180815_5) [최종]\server [hobbitshushu]\serverproject\usermanager.cpp(30): warning C4244: '=': 'int'에서 'float'(으)로 변환하면서 데이터가 손실될 수 있습니다.
c:\users\minicastle\desktop\client (180815_5) [최종]\server [hobbitshushu]\serverproject\usermanager.cpp(32): warning C4244: '=': 'int'에서 'float'(으)로 변환하면서 데이터가 손실될 수 있습니다.
c:\users\minicastle\desktop\client (180815_5) [최종]\server [hobbitshushu]\serverproject\usermanager.cpp(56): warning C4018: '<': signed 또는 unsigned가 일치하지 않습니다.
c:\users\minicastle\desktop\client (180815_5) [최종]\server [hobbitshushu]\serverproject\usermanager.cpp(126): warning C4018: '<': signed 또는 unsigned가 일치하지 않습니다.
  코드를 생성하고 있습니다...
  ServerProject.vcxproj -> C:\Users\Minicastle\Desktop\Client (180815_5) [최종]\Server [HobbitShushu]\Debug\ServerProject.exe
