  EventManager.cpp
c:\users\bluehobbit\source\repos\serverproject\serverproject\serverproject\eventmanager.cpp(11): warning C4018: '<': signed 또는 unsigned가 일치하지 않습니다.
c:\users\bluehobbit\source\repos\serverproject\serverproject\serverproject\eventmanager.cpp(19): warning C4244: '인수': 'time_t'에서 'unsigned int'(으)로 변환하면서 데이터가 손실될 수 있습니다.
c:\users\bluehobbit\source\repos\serverproject\serverproject\serverproject\eventmanager.cpp(60): warning C4244: '=': 'int'에서 'float'(으)로 변환하면서 데이터가 손실될 수 있습니다.
c:\users\bluehobbit\source\repos\serverproject\serverproject\serverproject\eventmanager.cpp(62): warning C4244: '=': 'int'에서 'float'(으)로 변환하면서 데이터가 손실될 수 있습니다.
c:\users\bluehobbit\source\repos\serverproject\serverproject\serverproject\eventmanager.cpp(137): warning C4244: '=': 'clock_t'에서 'float'(으)로 변환하면서 데이터가 손실될 수 있습니다.
c:\users\bluehobbit\source\repos\serverproject\serverproject\serverproject\eventmanager.cpp(143): warning C4244: '=': 'clock_t'에서 'float'(으)로 변환하면서 데이터가 손실될 수 있습니다.
c:\users\bluehobbit\source\repos\serverproject\serverproject\serverproject\eventmanager.cpp(145): warning C4244: '=': 'int'에서 'float'(으)로 변환하면서 데이터가 손실될 수 있습니다.
c:\users\bluehobbit\source\repos\serverproject\serverproject\serverproject\eventmanager.cpp(146): warning C4244: '=': 'int'에서 'float'(으)로 변환하면서 데이터가 손실될 수 있습니다.
c:\users\bluehobbit\source\repos\serverproject\serverproject\serverproject\eventmanager.cpp(154): warning C4244: '=': 'clock_t'에서 'float'(으)로 변환하면서 데이터가 손실될 수 있습니다.
c:\users\bluehobbit\source\repos\serverproject\serverproject\serverproject\eventmanager.cpp(159): warning C4244: '=': 'clock_t'에서 'float'(으)로 변환하면서 데이터가 손실될 수 있습니다.
  IOCPServer.cpp
c:\users\bluehobbit\source\repos\serverproject\serverproject\serverproject\iocpserver.cpp(44): warning C4018: '<': signed 또는 unsigned가 일치하지 않습니다.
c:\users\bluehobbit\source\repos\serverproject\serverproject\serverproject\iocpserver.cpp(120): warning C4305: 'return': 'int'에서 'bool'(으)로 잘립니다.
  MonsterManager.cpp
c:\users\bluehobbit\source\repos\serverproject\serverproject\serverproject\monstermanager.cpp(80): warning C4305: '초기화 중': 'int'에서 'float'(으)로 잘립니다.
c:\users\bluehobbit\source\repos\serverproject\serverproject\serverproject\monstermanager.cpp(95): warning C4018: '<': signed 또는 unsigned가 일치하지 않습니다.
c:\users\bluehobbit\source\repos\serverproject\serverproject\serverproject\monstermanager.cpp(175): warning C4244: '+=': 'double'에서 'float'(으)로 변환하면서 데이터가 손실될 수 있습니다.
  Object.cpp
c:\users\bluehobbit\source\repos\serverproject\serverproject\serverproject\object.cpp(48): warning C4018: '<': signed 또는 unsigned가 일치하지 않습니다.
c:\users\bluehobbit\source\repos\serverproject\serverproject\serverproject\object.cpp(69): warning C4244: 'return': 'int'에서 'float'(으)로 변환하면서 데이터가 손실될 수 있습니다.
  ServerProject.cpp
  UserManager.cpp
c:\users\bluehobbit\source\repos\serverproject\serverproject\serverproject\usermanager.cpp(103): warning C4018: '<': signed 또는 unsigned가 일치하지 않습니다.
  코드를 생성하고 있습니다...
  ServerProject.vcxproj -> C:\Users\bluehobbit\source\repos\ServerProject\ServerProject\Debug\ServerProject.exe
