c:\users\bluehobbit\source\repos\serverproject\serverproject\debug\vc141.pdb
c:\users\bluehobbit\source\repos\serverproject\serverproject\debug\vc141.idb
c:\users\bluehobbit\source\repos\serverproject\serverproject\debug\serverproject.obj
c:\users\bluehobbit\source\repos\serverproject\serverproject\debug\iocpserver.obj
c:\users\bluehobbit\source\repos\serverproject\serverproject\debug\eventmanager.obj
c:\users\bluehobbit\source\repos\serverproject\serverproject\debug\usermanager.obj
c:\users\bluehobbit\source\repos\serverproject\serverproject\debug\object.obj
c:\users\bluehobbit\source\repos\serverproject\serverproject\debug\monstermanager.obj
c:\users\bluehobbit\source\repos\serverproject\serverproject\debug\terrain.obj
c:\users\bluehobbit\source\repos\serverproject\serverproject\debug\serverproject.pch
c:\users\bluehobbit\source\repos\serverproject\serverproject\debug\stdafx.obj
c:\users\bluehobbit\source\repos\serverproject\serverproject\debug\quadtree.obj
c:\users\bluehobbit\source\repos\serverproject\debug\serverproject.exe
c:\users\bluehobbit\source\repos\serverproject\debug\serverproject.ilk
c:\users\bluehobbit\source\repos\serverproject\debug\serverproject.pdb
c:\users\bluehobbit\source\repos\serverproject\serverproject\debug\serverproject.tlog\cl.command.1.tlog
c:\users\bluehobbit\source\repos\serverproject\serverproject\debug\serverproject.tlog\cl.read.1.tlog
c:\users\bluehobbit\source\repos\serverproject\serverproject\debug\serverproject.tlog\cl.write.1.tlog
c:\users\bluehobbit\source\repos\serverproject\serverproject\debug\serverproject.tlog\link.command.1.tlog
c:\users\bluehobbit\source\repos\serverproject\serverproject\debug\serverproject.tlog\link.read.1.tlog
c:\users\bluehobbit\source\repos\serverproject\serverproject\debug\serverproject.tlog\link.write.1.tlog
